build/outputs/logs/manifest-merger-debug-report.txt
-- Merging decision tree log ---
manifest
ADDED from studioworkspace\TradeDistance\AndroidManifest.xml:2:1-223:12
	package
		ADDED from studioworkspace\TradeDistance\AndroidManifest.xml:3:5-39
	android:versionName
		ADDED from studioworkspace\TradeDistance\AndroidManifest.xml:5:5-30
		INJECTED from studioworkspace\TradeDistance\AndroidManifest.xml
		INJECTED from studioworkspace\TradeDistance\AndroidManifest.xml
	android:versionCode
		ADDED from studioworkspace\TradeDistance\AndroidManifest.xml:4:5-28
		INJECTED from studioworkspace\TradeDistance\AndroidManifest.xml
		INJECTED from studioworkspace\TradeDistance\AndroidManifest.xml
	xmlns:android
		ADDED from studioworkspace\TradeDistance\AndroidManifest.xml:2:11-69
uses-sdk
ADDED from studioworkspace\TradeDistance\AndroidManifest.xml:7:5-9:41
	android:targetSdkVersion
		ADDED from studioworkspace\TradeDistance\AndroidManifest.xml:9:9-38
	android:minSdkVersion
		ADDED from studioworkspace\TradeDistance\AndroidManifest.xml:8:9-35
permission#com.td.tradedistance.app.permission.JPUSH_MESSAGE
ADDED from studioworkspace\TradeDistance\AndroidManifest.xml:10:5-12:47
	android:protectionLevel
		ADDED from studioworkspace\TradeDistance\AndroidManifest.xml:12:9-44
	android:name
		ADDED from studioworkspace\TradeDistance\AndroidManifest.xml:11:9-73
uses-permission#com.td.tradedistance.app.permission.JPUSH_MESSAGE
ADDED from studioworkspace\TradeDistance\AndroidManifest.xml:13:5-89
	android:name
		ADDED from studioworkspace\TradeDistance\AndroidManifest.xml:13:22-86
uses-permission#android.permission.WAKE_LOCK
ADDED from studioworkspace\TradeDistance\AndroidManifest.xml:14:5-68
	android:name
		ADDED from studioworkspace\TradeDistance\AndroidManifest.xml:14:22-65
uses-permission#android.permission.READ_PHONE_STATE
ADDED from studioworkspace\TradeDistance\AndroidManifest.xml:15:5-75
	android:name
		ADDED from studioworkspace\TradeDistance\AndroidManifest.xml:15:22-72
uses-permission#android.permission.WRITE_SETTINGS
ADDED from studioworkspace\TradeDistance\AndroidManifest.xml:16:5-73
	android:name
		ADDED from studioworkspace\TradeDistance\AndroidManifest.xml:16:22-70
uses-permission#android.permission.VIBRATE
ADDED from studioworkspace\TradeDistance\AndroidManifest.xml:17:5-66
	android:name
		ADDED from studioworkspace\TradeDistance\AndroidManifest.xml:17:22-63
uses-permission#android.permission.MOUNT_UNMOUNT_FILESYSTEMS
ADDED from studioworkspace\TradeDistance\AndroidManifest.xml:18:5-84
	android:name
		ADDED from studioworkspace\TradeDistance\AndroidManifest.xml:18:22-81
uses-permission#android.permission.INTERNET
ADDED from studioworkspace\TradeDistance\AndroidManifest.xml:20:5-67
	android:name
		ADDED from studioworkspace\TradeDistance\AndroidManifest.xml:20:22-64
uses-permission#android.permission.ACCESS_NETWORK_STATE
ADDED from studioworkspace\TradeDistance\AndroidManifest.xml:21:5-79
	android:name
		ADDED from studioworkspace\TradeDistance\AndroidManifest.xml:21:22-76
uses-permission#android.permission.ACCESS_WIFI_STATE
ADDED from studioworkspace\TradeDistance\AndroidManifest.xml:22:5-76
	android:name
		ADDED from studioworkspace\TradeDistance\AndroidManifest.xml:22:22-73
uses-permission#android.permission.WRITE_EXTERNAL_STORAGE
ADDED from studioworkspace\TradeDistance\AndroidManifest.xml:23:5-81
	android:name
		ADDED from studioworkspace\TradeDistance\AndroidManifest.xml:23:22-78
uses-permission#android.permission.READ_EXTERNAL_STORAGE
ADDED from studioworkspace\TradeDistance\AndroidManifest.xml:24:5-80
	android:name
		ADDED from studioworkspace\TradeDistance\AndroidManifest.xml:24:22-77
uses-permission#android.permission.RECEIVE_USER_PRESENT
ADDED from studioworkspace\TradeDistance\AndroidManifest.xml:25:2-76
	android:name
		ADDED from studioworkspace\TradeDistance\AndroidManifest.xml:25:19-73
uses-permission#android.permission.CHANGE_WIFI_STATE
ADDED from studioworkspace\TradeDistance\AndroidManifest.xml:29:5-76
	android:name
		ADDED from studioworkspace\TradeDistance\AndroidManifest.xml:29:22-73
uses-permission#android.permission.CHANGE_NETWORK_STATE
ADDED from studioworkspace\TradeDistance\AndroidManifest.xml:32:5-79
	android:name
		ADDED from studioworkspace\TradeDistance\AndroidManifest.xml:32:22-76
uses-permission#android.permission.GET_TASKS
ADDED from studioworkspace\TradeDistance\AndroidManifest.xml:33:5-68
	android:name
		ADDED from studioworkspace\TradeDistance\AndroidManifest.xml:33:22-65
application
ADDED from studioworkspace\TradeDistance\AndroidManifest.xml:34:5-221:19
	android:label
		ADDED from studioworkspace\TradeDistance\AndroidManifest.xml:38:9-41
	android:allowBackup
		ADDED from studioworkspace\TradeDistance\AndroidManifest.xml:36:9-35
	android:icon
		ADDED from studioworkspace\TradeDistance\AndroidManifest.xml:37:9-38
	android:theme
		ADDED from studioworkspace\TradeDistance\AndroidManifest.xml:39:9-62
	android:name
		ADDED from studioworkspace\TradeDistance\AndroidManifest.xml:35:9-30
activity#com.td.tradedistance.app.activity.WelcomeActivity
ADDED from studioworkspace\TradeDistance\AndroidManifest.xml:40:9-50:20
	android:screenOrientation
		ADDED from studioworkspace\TradeDistance\AndroidManifest.xml:43:13-49
	android:label
		ADDED from studioworkspace\TradeDistance\AndroidManifest.xml:42:13-45
	android:windowSoftInputMode
		ADDED from studioworkspace\TradeDistance\AndroidManifest.xml:44:13-67
	android:name
		ADDED from studioworkspace\TradeDistance\AndroidManifest.xml:41:13-53
intent-filter#android.intent.action.MAIN+android.intent.category.LAUNCHER
ADDED from studioworkspace\TradeDistance\AndroidManifest.xml:45:13-49:29
action#android.intent.action.MAIN
ADDED from studioworkspace\TradeDistance\AndroidManifest.xml:46:17-69
	android:name
		ADDED from studioworkspace\TradeDistance\AndroidManifest.xml:46:25-66
category#android.intent.category.LAUNCHER
ADDED from studioworkspace\TradeDistance\AndroidManifest.xml:48:17-77
	android:name
		ADDED from studioworkspace\TradeDistance\AndroidManifest.xml:48:27-74
activity#com.td.tradedistance.app.activity.LoginActivity
ADDED from studioworkspace\TradeDistance\AndroidManifest.xml:51:9-55:20
	android:screenOrientation
		ADDED from studioworkspace\TradeDistance\AndroidManifest.xml:54:13-49
	android:launchMode
		ADDED from studioworkspace\TradeDistance\AndroidManifest.xml:53:13-44
	android:name
		ADDED from studioworkspace\TradeDistance\AndroidManifest.xml:52:13-51
activity#com.td.tradedistance.app.activity.MainActivity
ADDED from studioworkspace\TradeDistance\AndroidManifest.xml:56:9-60:20
	android:screenOrientation
		ADDED from studioworkspace\TradeDistance\AndroidManifest.xml:59:13-49
	android:launchMode
		ADDED from studioworkspace\TradeDistance\AndroidManifest.xml:58:13-44
	android:name
		ADDED from studioworkspace\TradeDistance\AndroidManifest.xml:57:13-50
activity#com.td.tradedistance.app.activity.CourseDetailsActivity
ADDED from studioworkspace\TradeDistance\AndroidManifest.xml:61:9-64:20
	android:screenOrientation
		ADDED from studioworkspace\TradeDistance\AndroidManifest.xml:63:13-49
	android:name
		ADDED from studioworkspace\TradeDistance\AndroidManifest.xml:62:13-59
activity#com.td.tradedistance.app.activity.GoStudyActivity
ADDED from studioworkspace\TradeDistance\AndroidManifest.xml:65:9-68:20
	android:screenOrientation
		ADDED from studioworkspace\TradeDistance\AndroidManifest.xml:67:13-49
	android:name
		ADDED from studioworkspace\TradeDistance\AndroidManifest.xml:66:13-53
activity#com.td.tradedistance.app.activity.VideoPlayerActivity
ADDED from studioworkspace\TradeDistance\AndroidManifest.xml:69:9-73:20
	android:screenOrientation
		ADDED from studioworkspace\TradeDistance\AndroidManifest.xml:72:13-50
	android:configChanges
		ADDED from studioworkspace\TradeDistance\AndroidManifest.xml:71:13-74
	android:name
		ADDED from studioworkspace\TradeDistance\AndroidManifest.xml:70:13-57
activity#com.td.tradedistance.app.activity.SettingActivity
ADDED from studioworkspace\TradeDistance\AndroidManifest.xml:74:9-77:20
	android:screenOrientation
		ADDED from studioworkspace\TradeDistance\AndroidManifest.xml:76:13-49
	android:name
		ADDED from studioworkspace\TradeDistance\AndroidManifest.xml:75:13-53
activity#com.td.tradedistance.app.activity.XiaoXiZhongXiActivity
ADDED from studioworkspace\TradeDistance\AndroidManifest.xml:78:9-81:20
	android:screenOrientation
		ADDED from studioworkspace\TradeDistance\AndroidManifest.xml:80:13-49
	android:name
		ADDED from studioworkspace\TradeDistance\AndroidManifest.xml:79:13-59
activity#com.td.tradedistance.app.activity.GeRenXinXinActivity
ADDED from studioworkspace\TradeDistance\AndroidManifest.xml:82:9-85:20
	android:screenOrientation
		ADDED from studioworkspace\TradeDistance\AndroidManifest.xml:84:13-49
	android:name
		ADDED from studioworkspace\TradeDistance\AndroidManifest.xml:83:13-57
activity#com.td.tradedistance.app.activity.DownLoadingManagerActivity
ADDED from studioworkspace\TradeDistance\AndroidManifest.xml:86:9-89:20
	android:screenOrientation
		ADDED from studioworkspace\TradeDistance\AndroidManifest.xml:88:13-49
	android:name
		ADDED from studioworkspace\TradeDistance\AndroidManifest.xml:87:13-64
activity#com.td.tradedistance.app.activity.DownedManagerActivity
ADDED from studioworkspace\TradeDistance\AndroidManifest.xml:90:9-93:20
	android:screenOrientation
		ADDED from studioworkspace\TradeDistance\AndroidManifest.xml:92:13-49
	android:name
		ADDED from studioworkspace\TradeDistance\AndroidManifest.xml:91:13-59
activity#com.td.tradedistance.app.activity.DownedManagerXQActivity
ADDED from studioworkspace\TradeDistance\AndroidManifest.xml:94:9-97:20
	android:screenOrientation
		ADDED from studioworkspace\TradeDistance\AndroidManifest.xml:96:13-49
	android:name
		ADDED from studioworkspace\TradeDistance\AndroidManifest.xml:95:13-61
activity#com.td.tradedistance.app.activity.TypeTotalCourseActivity
ADDED from studioworkspace\TradeDistance\AndroidManifest.xml:98:9-101:20
	android:screenOrientation
		ADDED from studioworkspace\TradeDistance\AndroidManifest.xml:100:13-49
	android:name
		ADDED from studioworkspace\TradeDistance\AndroidManifest.xml:99:13-61
activity#com.td.tradedistance.app.activity.WebActivity
ADDED from studioworkspace\TradeDistance\AndroidManifest.xml:102:9-105:20
	android:screenOrientation
		ADDED from studioworkspace\TradeDistance\AndroidManifest.xml:104:13-49
	android:name
		ADDED from studioworkspace\TradeDistance\AndroidManifest.xml:103:13-49
activity#com.td.tradedistance.app.activity.TestListActivity
ADDED from studioworkspace\TradeDistance\AndroidManifest.xml:106:9-109:20
	android:screenOrientation
		ADDED from studioworkspace\TradeDistance\AndroidManifest.xml:108:13-49
	android:name
		ADDED from studioworkspace\TradeDistance\AndroidManifest.xml:107:13-54
activity#com.td.tradedistance.app.activity.WebKaoShiActivity
ADDED from studioworkspace\TradeDistance\AndroidManifest.xml:110:9-113:20
	android:screenOrientation
		ADDED from studioworkspace\TradeDistance\AndroidManifest.xml:112:13-49
	android:name
		ADDED from studioworkspace\TradeDistance\AndroidManifest.xml:111:13-55
activity#com.td.tradedistance.app.activity.KaoShiWebActivity
ADDED from studioworkspace\TradeDistance\AndroidManifest.xml:114:9-117:20
	android:screenOrientation
		ADDED from studioworkspace\TradeDistance\AndroidManifest.xml:116:13-49
	android:name
		ADDED from studioworkspace\TradeDistance\AndroidManifest.xml:115:13-55
activity#cn.jpush.android.ui.PopWinActivity
ADDED from studioworkspace\TradeDistance\AndroidManifest.xml:122:9-126:20
	android:exported
		ADDED from studioworkspace\TradeDistance\AndroidManifest.xml:125:13-37
	android:theme
		ADDED from studioworkspace\TradeDistance\AndroidManifest.xml:124:13-49
	android:name
		ADDED from studioworkspace\TradeDistance\AndroidManifest.xml:123:13-62
activity#cn.jpush.android.ui.PushActivity
ADDED from studioworkspace\TradeDistance\AndroidManifest.xml:129:9-139:20
	android:exported
		ADDED from studioworkspace\TradeDistance\AndroidManifest.xml:133:13-37
	android:configChanges
		ADDED from studioworkspace\TradeDistance\AndroidManifest.xml:131:13-63
	android:theme
		ADDED from studioworkspace\TradeDistance\AndroidManifest.xml:132:13-60
	android:name
		ADDED from studioworkspace\TradeDistance\AndroidManifest.xml:130:13-60
intent-filter#android.intent.category.DEFAULT+cn.jpush.android.ui.PushActivity+com.td.tradedistance.app
ADDED from studioworkspace\TradeDistance\AndroidManifest.xml:134:13-138:29
action#cn.jpush.android.ui.PushActivity
ADDED from studioworkspace\TradeDistance\AndroidManifest.xml:135:17-75
	android:name
		ADDED from studioworkspace\TradeDistance\AndroidManifest.xml:135:25-72
category#android.intent.category.DEFAULT
ADDED from studioworkspace\TradeDistance\AndroidManifest.xml:136:17-76
	android:name
		ADDED from studioworkspace\TradeDistance\AndroidManifest.xml:136:27-73
category#com.td.tradedistance.app
ADDED from studioworkspace\TradeDistance\AndroidManifest.xml:137:17-69
	android:name
		ADDED from studioworkspace\TradeDistance\AndroidManifest.xml:137:27-66
service#cn.jpush.android.service.DownloadService
ADDED from studioworkspace\TradeDistance\AndroidManifest.xml:141:9-145:19
	android:enabled
		ADDED from studioworkspace\TradeDistance\AndroidManifest.xml:143:13-35
	android:exported
		ADDED from studioworkspace\TradeDistance\AndroidManifest.xml:144:13-37
	android:name
		ADDED from studioworkspace\TradeDistance\AndroidManifest.xml:142:13-68
service#cn.jpush.android.service.PushService
ADDED from studioworkspace\TradeDistance\AndroidManifest.xml:150:9-160:19
	android:enabled
		ADDED from studioworkspace\TradeDistance\AndroidManifest.xml:152:13-35
	android:exported
		ADDED from studioworkspace\TradeDistance\AndroidManifest.xml:153:13-37
	android:name
		ADDED from studioworkspace\TradeDistance\AndroidManifest.xml:151:13-64
intent-filter#cn.jpush.android.intent.PUSH_TIME+cn.jpush.android.intent.PushService+cn.jpush.android.intent.REGISTER+cn.jpush.android.intent.REPORT
ADDED from studioworkspace\TradeDistance\AndroidManifest.xml:154:13-159:29
action#cn.jpush.android.intent.REGISTER
ADDED from studioworkspace\TradeDistance\AndroidManifest.xml:155:17-75
	android:name
		ADDED from studioworkspace\TradeDistance\AndroidManifest.xml:155:25-72
action#cn.jpush.android.intent.REPORT
ADDED from studioworkspace\TradeDistance\AndroidManifest.xml:156:17-73
	android:name
		ADDED from studioworkspace\TradeDistance\AndroidManifest.xml:156:25-70
action#cn.jpush.android.intent.PushService
ADDED from studioworkspace\TradeDistance\AndroidManifest.xml:157:17-78
	android:name
		ADDED from studioworkspace\TradeDistance\AndroidManifest.xml:157:25-75
action#cn.jpush.android.intent.PUSH_TIME
ADDED from studioworkspace\TradeDistance\AndroidManifest.xml:158:17-76
	android:name
		ADDED from studioworkspace\TradeDistance\AndroidManifest.xml:158:25-73
service#cn.jpush.android.service.DaemonService
ADDED from studioworkspace\TradeDistance\AndroidManifest.xml:164:9-173:19
	android:enabled
		ADDED from studioworkspace\TradeDistance\AndroidManifest.xml:166:13-35
	android:exported
		ADDED from studioworkspace\TradeDistance\AndroidManifest.xml:167:13-36
	android:name
		ADDED from studioworkspace\TradeDistance\AndroidManifest.xml:165:13-66
intent-filter#cn.jpush.android.intent.DaemonService+com.td.tradedistance.app
ADDED from studioworkspace\TradeDistance\AndroidManifest.xml:168:13-171:29
action#cn.jpush.android.intent.DaemonService
ADDED from studioworkspace\TradeDistance\AndroidManifest.xml:169:17-80
	android:name
		ADDED from studioworkspace\TradeDistance\AndroidManifest.xml:169:25-77
receiver#cn.jpush.android.service.PushReceiver
ADDED from studioworkspace\TradeDistance\AndroidManifest.xml:176:9-195:20
	android:enabled
		ADDED from studioworkspace\TradeDistance\AndroidManifest.xml:178:13-35
	android:exported
		ADDED from studioworkspace\TradeDistance\AndroidManifest.xml:179:13-37
	android:name
		ADDED from studioworkspace\TradeDistance\AndroidManifest.xml:177:13-65
intent-filter#cn.jpush.android.intent.NOTIFICATION_RECEIVED_PROXY+com.td.tradedistance.app
ADDED from studioworkspace\TradeDistance\AndroidManifest.xml:180:14-183:29
	android:priority
		ADDED from studioworkspace\TradeDistance\AndroidManifest.xml:180:29-52
action#cn.jpush.android.intent.NOTIFICATION_RECEIVED_PROXY
ADDED from studioworkspace\TradeDistance\AndroidManifest.xml:181:17-94
	android:name
		ADDED from studioworkspace\TradeDistance\AndroidManifest.xml:181:25-91
intent-filter#android.intent.action.USER_PRESENT+android.net.conn.CONNECTIVITY_CHANGE
ADDED from studioworkspace\TradeDistance\AndroidManifest.xml:184:13-187:29
action#android.intent.action.USER_PRESENT
ADDED from studioworkspace\TradeDistance\AndroidManifest.xml:185:17-77
	android:name
		ADDED from studioworkspace\TradeDistance\AndroidManifest.xml:185:25-74
action#android.net.conn.CONNECTIVITY_CHANGE
ADDED from studioworkspace\TradeDistance\AndroidManifest.xml:186:17-79
	android:name
		ADDED from studioworkspace\TradeDistance\AndroidManifest.xml:186:25-76
intent-filter#android.intent.action.PACKAGE_ADDED+android.intent.action.PACKAGE_REMOVED
ADDED from studioworkspace\TradeDistance\AndroidManifest.xml:189:13-193:29
action#android.intent.action.PACKAGE_ADDED
ADDED from studioworkspace\TradeDistance\AndroidManifest.xml:190:17-78
	android:name
		ADDED from studioworkspace\TradeDistance\AndroidManifest.xml:190:25-75
action#android.intent.action.PACKAGE_REMOVED
ADDED from studioworkspace\TradeDistance\AndroidManifest.xml:191:17-80
	android:name
		ADDED from studioworkspace\TradeDistance\AndroidManifest.xml:191:25-77
data
ADDED from studioworkspace\TradeDistance\AndroidManifest.xml:192:17-50
	android:scheme
		ADDED from studioworkspace\TradeDistance\AndroidManifest.xml:192:23-47
receiver#cn.jpush.android.service.AlarmReceiver
ADDED from studioworkspace\TradeDistance\AndroidManifest.xml:198:9-99
	android:exported
		ADDED from studioworkspace\TradeDistance\AndroidManifest.xml:198:73-97
	android:name
		ADDED from studioworkspace\TradeDistance\AndroidManifest.xml:198:19-72
receiver#com.td.tradedistance.app.Receiver.JPushReceiver
ADDED from studioworkspace\TradeDistance\AndroidManifest.xml:201:9-214:20
	android:enabled
		ADDED from studioworkspace\TradeDistance\AndroidManifest.xml:204:13-35
	android:exported
		ADDED from studioworkspace\TradeDistance\AndroidManifest.xml:203:13-37
	android:name
		ADDED from studioworkspace\TradeDistance\AndroidManifest.xml:202:13-75
intent-filter#cn.jpush.android.intent.ACTION_RICHPUSH_CALLBACK+cn.jpush.android.intent.CONNECTION+cn.jpush.android.intent.MESSAGE_RECEIVED+cn.jpush.android.intent.NOTIFICATION_OPENED+cn.jpush.android.intent.NOTIFICATION_RECEIVED+cn.jpush.android.intent.REGISTRATION+com.td.tradedistance.app
ADDED from studioworkspace\TradeDistance\AndroidManifest.xml:205:13-213:29
action#cn.jpush.android.intent.REGISTRATION
ADDED from studioworkspace\TradeDistance\AndroidManifest.xml:206:17-79
	android:name
		ADDED from studioworkspace\TradeDistance\AndroidManifest.xml:206:25-76
action#cn.jpush.android.intent.MESSAGE_RECEIVED
ADDED from studioworkspace\TradeDistance\AndroidManifest.xml:207:17-83
	android:name
		ADDED from studioworkspace\TradeDistance\AndroidManifest.xml:207:25-80
action#cn.jpush.android.intent.NOTIFICATION_RECEIVED
ADDED from studioworkspace\TradeDistance\AndroidManifest.xml:208:17-88
	android:name
		ADDED from studioworkspace\TradeDistance\AndroidManifest.xml:208:25-85
action#cn.jpush.android.intent.NOTIFICATION_OPENED
ADDED from studioworkspace\TradeDistance\AndroidManifest.xml:209:17-86
	android:name
		ADDED from studioworkspace\TradeDistance\AndroidManifest.xml:209:25-83
action#cn.jpush.android.intent.ACTION_RICHPUSH_CALLBACK
ADDED from studioworkspace\TradeDistance\AndroidManifest.xml:210:17-91
	android:name
		ADDED from studioworkspace\TradeDistance\AndroidManifest.xml:210:25-88
action#cn.jpush.android.intent.CONNECTION
ADDED from studioworkspace\TradeDistance\AndroidManifest.xml:211:17-77
	android:name
		ADDED from studioworkspace\TradeDistance\AndroidManifest.xml:211:25-74
meta-data#JPUSH_CHANNEL
ADDED from studioworkspace\TradeDistance\AndroidManifest.xml:218:9-84
	android:value
		ADDED from studioworkspace\TradeDistance\AndroidManifest.xml:218:49-82
	android:name
		ADDED from studioworkspace\TradeDistance\AndroidManifest.xml:218:20-48
meta-data#JPUSH_APPKEY
ADDED from studioworkspace\TradeDistance\AndroidManifest.xml:219:9-91
	android:value
		ADDED from studioworkspace\TradeDistance\AndroidManifest.xml:219:48-88
	android:name
		ADDED from studioworkspace\TradeDistance\AndroidManifest.xml:219:20-47